[GIN] 2020/08/19 - 07:33:16 |[90;43m 404 [0m|         811ns |             ::1 |[97;44m GET     [0m "/profileasdfasf"
[GIN] 2020/08/19 - 07:33:16 |[90;43m 404 [0m|         301ns |             ::1 |[97;44m GET     [0m "/profileasdfasf"
[GIN] 2020/08/19 - 07:33:17 |[90;43m 404 [0m|         323ns |             ::1 |[97;44m GET     [0m "/profileasdfasf"
[GIN] 2020/08/19 - 07:33:17 |[90;43m 404 [0m|         288ns |             ::1 |[97;44m GET     [0m "/profileasdfasf"
[GIN] 2020/08/19 - 07:33:17 |[90;43m 404 [0m|         313ns |             ::1 |[97;44m GET     [0m "/profileasdfasf"
[GIN] 2020/08/19 - 07:33:17 |[90;43m 404 [0m|         321ns |             ::1 |[97;44m GET     [0m "/profileasdfasf"
[GIN] 2020/08/19 - 07:33:17 |[90;43m 404 [0m|         305ns |             ::1 |[97;44m GET     [0m "/profileasdfasf"
[GIN] 2020/08/19 - 07:33:17 |[90;43m 404 [0m|         327ns |             ::1 |[97;44m GET     [0m "/profileasdfasf"
[GIN] 2020/08/19 - 07:33:21 |[97;42m 200 [0m|       15.16µs |             ::1 |[97;44m GET     [0m "/"
[GIN] 2020/08/19 - 07:33:22 |[97;42m 200 [0m|       5.965µs |             ::1 |[97;44m GET     [0m "/"
Count : 1Count : 2Count : 3Count : 4[GIN-debug] GET    /                         --> main.main.func1 (4 handlers)
[GIN-debug] GET    /error                    --> main.main.func2 (4 handlers)
[GIN-debug] GET    /profile                  --> main.main.func3 (4 handlers)
[GIN-debug] Listening and serving HTTP on :85
Count : 1
Count : 2
Count : 3
Count : 4
Count : 5
Count : 6
[GIN-debug] GET    /                         --> main.main.func1 (4 handlers)
[GIN-debug] GET    /error                    --> main.main.func2 (4 handlers)
[GIN-debug] GET    /profile                  --> main.main.func3 (4 handlers)
[GIN-debug] Listening and serving HTTP on :85
Count : 1
[GIN] 2020/08/19 - 07:34:39 |[97;42m 200 [0m|     104.281µs |             ::1 |[97;44m GET     [0m "/profile"
Count : 2
[GIN] 2020/08/19 - 07:34:39 |[97;42m 200 [0m|      47.249µs |             ::1 |[97;44m GET     [0m "/profile"
Count : 3
[GIN] 2020/08/19 - 07:34:44 |[97;42m 200 [0m|      47.505µs |             ::1 |[97;44m GET     [0m "/profile"
Count : 4
[GIN] 2020/08/19 - 07:34:45 |[97;42m 200 [0m|      39.737µs |             ::1 |[97;44m GET     [0m "/profile"
